Determining if the pthread_create exist failed with the following output:
Change Dir: /home/giraldolab/catkin_ws/src/basic_led_strip_ros/build/catkin_tools_prebuild/CMakeFiles/CMakeTmp

Run Build Command:"/usr/bin/make" "cmTC_b008c/fast"
/usr/bin/make -f CMakeFiles/cmTC_b008c.dir/build.make CMakeFiles/cmTC_b008c.dir/build
make[1]: Entering directory '/home/giraldolab/catkin_ws/src/basic_led_strip_ros/build/catkin_tools_prebuild/CMakeFiles/CMakeTmp'
Building C object CMakeFiles/cmTC_b008c.dir/CheckSymbolExists.c.o
/usr/bin/cc    -o CMakeFiles/cmTC_b008c.dir/CheckSymbolExists.c.o   -c /home/giraldolab/catkin_ws/src/basic_led_strip_ros/build/catkin_tools_prebuild/CMakeFiles/CMakeTmp/CheckSymbolExists.c
Linking C executable cmTC_b008c
/usr/bin/cmake -E cmake_link_script CMakeFiles/cmTC_b008c.dir/link.txt --verbose=1
/usr/bin/cc      -rdynamic CMakeFiles/cmTC_b008c.dir/CheckSymbolExists.c.o  -o cmTC_b008c 
CMakeFiles/cmTC_b008c.dir/CheckSymbolExists.c.o: In function `main':
CheckSymbolExists.c:(.text+0x1b): undefined reference to `pthread_create'
collect2: error: ld returned 1 exit status
CMakeFiles/cmTC_b008c.dir/build.make:97: recipe for target 'cmTC_b008c' failed
make[1]: *** [cmTC_b008c] Error 1
make[1]: Leaving directory '/home/giraldolab/catkin_ws/src/basic_led_strip_ros/build/catkin_tools_prebuild/CMakeFiles/CMakeTmp'
Makefile:126: recipe for target 'cmTC_b008c/fast' failed
make: *** [cmTC_b008c/fast] Error 2

File /home/giraldolab/catkin_ws/src/basic_led_strip_ros/build/catkin_tools_prebuild/CMakeFiles/CMakeTmp/CheckSymbolExists.c:
/* */
#include <pthread.h>

int main(int argc, char** argv)
{
  (void)argv;
#ifndef pthread_create
  return ((int*)(&pthread_create))[argc];
#else
  (void)argc;
  return 0;
#endif
}

Determining if the function pthread_create exists in the pthreads failed with the following output:
Change Dir: /home/giraldolab/catkin_ws/src/basic_led_strip_ros/build/catkin_tools_prebuild/CMakeFiles/CMakeTmp

Run Build Command:"/usr/bin/make" "cmTC_e8bea/fast"
/usr/bin/make -f CMakeFiles/cmTC_e8bea.dir/build.make CMakeFiles/cmTC_e8bea.dir/build
make[1]: Entering directory '/home/giraldolab/catkin_ws/src/basic_led_strip_ros/build/catkin_tools_prebuild/CMakeFiles/CMakeTmp'
Building C object CMakeFiles/cmTC_e8bea.dir/CheckFunctionExists.c.o
/usr/bin/cc   -DCHECK_FUNCTION_EXISTS=pthread_create   -o CMakeFiles/cmTC_e8bea.dir/CheckFunctionExists.c.o   -c /usr/share/cmake-3.10/Modules/CheckFunctionExists.c
Linking C executable cmTC_e8bea
/usr/bin/cmake -E cmake_link_script CMakeFiles/cmTC_e8bea.dir/link.txt --verbose=1
/usr/bin/cc  -DCHECK_FUNCTION_EXISTS=pthread_create    -rdynamic CMakeFiles/cmTC_e8bea.dir/CheckFunctionExists.c.o  -o cmTC_e8bea -lpthreads 
/usr/bin/ld: cannot find -lpthreads
collect2: error: ld returned 1 exit status
CMakeFiles/cmTC_e8bea.dir/build.make:97: recipe for target 'cmTC_e8bea' failed
make[1]: *** [cmTC_e8bea] Error 1
make[1]: Leaving directory '/home/giraldolab/catkin_ws/src/basic_led_strip_ros/build/catkin_tools_prebuild/CMakeFiles/CMakeTmp'
Makefile:126: recipe for target 'cmTC_e8bea/fast' failed
make: *** [cmTC_e8bea/fast] Error 2


